<?xml version="1.0" encoding="UTF-8"?>
<robot generator="Robot 5.0.1 (Python 3.9.13 on win32)" generated="20230727 09:50:08.295" rpa="false" schemaversion="3">
<suite id="s1" name="Loginfacebook" source="c:\Users\Admin\Desktop\LearnRobotFramwork\YoutubeAutoTest\robot2\loginfacebook.robot">
<test id="s1-t1" name="Login to Facebook" line="9">
<kw name="Open Browser">
<arg>${URL}</arg>
<arg>${BROWSER}</arg>
<msg timestamp="20230727 09:50:08.399" level="FAIL">No keyword with name 'Open Browser' found.</msg>
<status status="FAIL" starttime="20230727 09:50:08.398" endtime="20230727 09:50:08.400"/>
</kw>
<kw name="Input Text">
<arg>name=email</arg>
<arg>your_facebook_email@example.com</arg>
<status status="NOT RUN" starttime="20230727 09:50:08.415" endtime="20230727 09:50:08.415"/>
</kw>
<kw name="Input Text">
<arg>name=pass</arg>
<arg>your_facebook_password</arg>
<status status="NOT RUN" starttime="20230727 09:50:08.421" endtime="20230727 09:50:08.422"/>
</kw>
<kw name="Click Button">
<arg>name=login</arg>
<status status="NOT RUN" starttime="20230727 09:50:08.537" endtime="20230727 09:50:08.538"/>
</kw>
<kw name="Close Browser">
<status status="NOT RUN" starttime="20230727 09:50:08.541" endtime="20230727 09:50:08.541"/>
</kw>
<status status="FAIL" starttime="20230727 09:50:08.385" endtime="20230727 09:50:08.543">No keyword with name 'Open Browser' found.</status>
</test>
<status status="FAIL" starttime="20230727 09:50:08.306" endtime="20230727 09:50:08.628"/>
</suite>
<statistics>
<total>
<stat pass="0" fail="1" skip="0">All Tests</stat>
</total>
<tag>
</tag>
<suite>
<stat pass="0" fail="1" skip="0" id="s1" name="Loginfacebook">Loginfacebook</stat>
</suite>
</statistics>
<errors>
<msg timestamp="20230727 09:50:08.365" level="ERROR">Error in file 'c:\Users\Admin\Desktop\LearnRobotFramwork\YoutubeAutoTest\robot2\loginfacebook.robot' on line 2: Importing library 'SeleniumLibrary' failed: ModuleNotFoundError: No module named 'SeleniumLibrary'
Traceback (most recent call last):
  None
PYTHONPATH:
  c:\Users\Admin\.vscode\extensions\robocorp.robotframework-lsp-1.11.0\src\robotframework_debug_adapter
  C:\Users\Admin\Desktop\LearnRobotFramwork\YoutubeAutoTest
  c:\Users\Admin\.vscode\extensions\robocorp.robotframework-lsp-1.11.0\src
  c:\Users\Admin\.vscode\extensions\robocorp.robotframework-lsp-1.11.0\src\robotframework_ls\vendored
  c:\ProgramData\robocorp\ht\9cf649c_b1f3c24_f8170f6e\python39.zip
  c:\ProgramData\robocorp\ht\9cf649c_b1f3c24_f8170f6e\DLLs
  c:\ProgramData\robocorp\ht\9cf649c_b1f3c24_f8170f6e\lib
  c:\ProgramData\robocorp\ht\9cf649c_b1f3c24_f8170f6e
  c:\ProgramData\robocorp\ht
  c:\ProgramData\robocorp\ht\9cf649c_b1f3c24_f8170f6e\lib\site-packages
  c:\ProgramData\robocorp\ht\9cf649c_b1f3c24_f8170f6e\lib\site-packages\win32
  c:\ProgramData\robocorp\ht\9cf649c_b1f3c24_f8170f6e\lib\site-packages\win32\lib
  c:\ProgramData\robocorp\ht\9cf649c_b1f3c24_f8170f6e\lib\site-packages\Pythonwin</msg>
</errors>
</robot>
